<?xml version="1.0" encoding="UTF-8"?>
<!-- Generated by org.testng.reporters.JUnitReportReporter -->
<testsuite hostname="Lenovo-PC" name="database.ConnectDB" tests="4" failures="0" timestamp="18 Nov 2017 17:26:21 GMT" time="0.011" errors="0">
  <testcase name="adduser" time="0.007" classname="database.ConnectDB"/>
  <testcase name="chkmultiplesameusername" time="0.001" classname="database.ConnectDB"/>
  <testcase name="removeuseracnt" time="0.001" classname="database.ConnectDB"/>
  <testcase name="searchUser" time="0.002" classname="database.ConnectDB"/>
</testsuite> <!-- database.ConnectDB -->
