<?xml version="1.0" encoding="UTF-8"?>
<!-- Generated by org.testng.reporters.JUnitReportReporter -->
<testsuite hostname="Lenovo-PC" name="config.ReadfromExcel" tests="1" failures="0" timestamp="19 Nov 2017 16:32:30 GMT" time="0.011" errors="0">
  <testcase name="readexcel" time="0.011" classname="config.ReadfromExcel"/>
</testsuite> <!-- config.ReadfromExcel -->
