<?xml version="1.0" encoding="UTF-8"?>
<!-- Generated by org.testng.reporters.JUnitReportReporter -->
<testsuite skipped="4" hostname="SRINIIYE-AT02L" name="tests.Testscripts" tests="5" failures="0" timestamp="09 Jan 2018 12:58:35 GMT" time="11.704" errors="0">
  <testcase name="getfrmexcel" time="11.704" classname="tests.Testscripts"/>
  <testcase name="getdatafromtable" classname="tests.Testscripts">
    <skipped/>
  </testcase> <!-- getdatafromtable -->
  <testcase name="getallElementsBoostrapListBox" classname="tests.Testscripts">
    <skipped/>
  </testcase> <!-- getallElementsBoostrapListBox -->
  <testcase name="usedata" classname="tests.Testscripts">
    <skipped/>
  </testcase> <!-- usedata -->
  <testcase name="SimpleFormDemo" classname="tests.Testscripts">
    <skipped/>
  </testcase> <!-- SimpleFormDemo -->
</testsuite> <!-- tests.Testscripts -->
